<?xml version="1.0" encoding="UTF-8"?>
<!-- Generated by org.testng.reporters.JUnitReportReporter -->
<testsuite hostname="Macs-Air.home" failures="0" tests="2" name="pack.Runner.MyntraRunnerPage" time="91.469" errors="0" timestamp="29 May 2020 22:57:09 GMT" skipped="0">
  <testcase classname="pack.Runner.MyntraRunnerPage" name="feature" time="67.279"/>
  <testcase classname="pack.Runner.MyntraRunnerPage" name="feature" time="24.190"/>
</testsuite> <!-- pack.Runner.MyntraRunnerPage -->
